<?xml version="1.0" encoding="UTF-8"?>
<!-- Generated by org.testng.reporters.JUnitReportReporter -->
<testsuite hostname="Sarawat" failures="0" tests="3" name="com.xolair.XolairTest" time="8.865" errors="0" timestamp="2024-01-13T11:33:25 EST" skipped="0">
  <testcase classname="com.xolair.XolairTest" name="openChromeBrowser" time="3.303"/>
  <system-out/>
  <testcase classname="com.xolair.XolairTest" name="openEdgeBrowser" time="5.561"/>
  <system-out/>
  <testcase classname="com.xolair.XolairTest" name="testOne" time="0.001"/>
  <system-out/>
</testsuite> <!-- com.xolair.XolairTest -->
